C51 COMPILER V9.54   COMMON                                                                07/01/2023 10:28:56 PAGE 1   


C51 COMPILER V9.54, COMPILATION OF MODULE COMMON
OBJECT MODULE PLACED IN .\Objects\common.obj
COMPILER INVOKED BY: E:\ele\keil\C51\BIN\C51.EXE common.c LARGE OPTIMIZE(8,SPEED) BROWSE DEBUG OBJECTEXTEND PRINT(.\List
                    -ings\common.lst) OBJECT(.\Objects\common.obj)

line level    source

   1          #include<common.h>
   2          
   3          
   4          void short_delay(void) 
   5          {
   6   1              unsigned char i;
   7   1          for(i = 0x0f;i>0;--i);
   8   1      }
   9          
  10          void delay(unsigned int _t)
  11          {
  12   1          while(--_t);
  13   1      
  14   1      }


MODULE INFORMATION:   STATIC OVERLAYABLE
   CODE SIZE        =     15    ----
   CONSTANT SIZE    =   ----    ----
   XDATA SIZE       =   ----    ----
   PDATA SIZE       =   ----    ----
   DATA SIZE        =   ----    ----
   IDATA SIZE       =   ----    ----
   BIT SIZE         =   ----    ----
END OF MODULE INFORMATION.


C51 COMPILATION COMPLETE.  0 WARNING(S),  0 ERROR(S)
