C51 COMPILER V9.54   DS18B20                                                               07/03/2023 13:24:40 PAGE 1   


C51 COMPILER V9.54, COMPILATION OF MODULE DS18B20
OBJECT MODULE PLACED IN .\Objects\ds18b20.obj
COMPILER INVOKED BY: E:\ele\keil\C51\BIN\C51.EXE ds18b20.c LARGE OPTIMIZE(8,SPEED) BROWSE DEBUG OBJECTEXTEND PRINT(.\Lis
                    -tings\ds18b20.lst) OBJECT(.\Objects\ds18b20.obj)

line level    source

   1          #include <ds18b20.h>
   2          #include <hd7279a.h>
   3          #include <common.h>
   4          #include <util.h>
   5          #include <REG52.h>
   6          // https://blog.csdn.net/as480133937/article/details/112604303
   7          extern const unsigned char Number[10];
   8          
   9          extern float temp_now;
  10           
  11          void init_ds18b20(void)
  12          {
  13   1              reset_ds();
  14   1              sendByte_ds(DS18B20_IGNOREROM);
  15   1              sendByte_ds(DS18B20_TRANS);
  16   1          reset_ds();
  17   1      }
  18           
  19          void reset_ds(void){
  20   1              unsigned char i;
  21   1              DQ = 0;
  22   1              for(i=240;i>0;i--);
  23   1              DQ = 1;
  24   1              for(i=240;i>0;i--);
  25   1      }
  26           
  27          void sendByte_ds(unsigned char byte)
  28          {
  29   1              unsigned char i,j;
  30   1              for(i=8;i>0;i--)
  31   1          {
  32   2                      DQ = 0;
  33   2                      for(j=2;j>0;j--);
  34   2                      DQ = byte & 0x01;
  35   2                      for(j=30;j>0;j--);
  36   2                      DQ = 1;
  37   2                      byte >>= 1;
  38   2              }
  39   1      }
  40           
  41          unsigned char receiveByte_ds(void)
  42          {
  43   1              unsigned char i,j,s;
  44   1              for(i=8;i>0;i--)
  45   1          {
  46   2                      s>>=1;
  47   2                      DQ = 0;
  48   2                      for(j=2;j>0;j--);
  49   2                      DQ = 1;
  50   2                      for(j=4;j>0;j--);
  51   2                      if(DQ==1) s|=0x80;
  52   2                      for(j=30;j>0;j--);
  53   2                      DQ = 1;
  54   2              }
C51 COMPILER V9.54   DS18B20                                                               07/03/2023 13:24:40 PAGE 2   

  55   1              return s;
  56   1      }
  57           
  58          float showTemperature(void)
  59          {
  60   1              unsigned char temp_data;
  61   1              unsigned short TempDec;
  62   1              unsigned char lowByte,highByte;
  63   1              unsigned char temp[4];
  64   1              
  65   1          float T;
  66   1              reset_ds();
  67   1              sendByte_ds(DS18B20_IGNOREROM);
  68   1              sendByte_ds(DS18B20_TRANS);
  69   1              reset_ds();
  70   1              sendByte_ds(DS18B20_IGNOREROM);
  71   1              sendByte_ds(DS18B20_READ);
  72   1              
  73   1              lowByte=receiveByte_ds();
  74   1          highByte = receiveByte_ds();
  75   1              
  76   1              reset_ds();
  77   1              
  78   1              temp_data = highByte;
  79   1              temp_data &= 0xf0;
  80   1              if(temp_data == 0xf0)
  81   1          {
  82   2                      if(lowByte == 0)
  83   2              {
  84   3                              lowByte =~ lowByte + 1;
  85   3                              highByte =~ highByte + 1;
  86   3                      }
  87   2                      else
  88   2              {
  89   3                              lowByte =~ lowByte + 1;
  90   3                              highByte =~ highByte;
  91   3                      }
  92   2              }
  93   1      
  94   1              temp_data = highByte<<4 | lowByte>>4;
  95   1              temp[0]=(temp_data % 100) / 10;
  96   1              temp[1]=(temp_data % 100) % 10;
  97   1              lowByte &= 0x0f;
  98   1              TempDec = lowByte * 625;
  99   1              temp[2] = TempDec / 1000;
 100   1              temp[3] = (TempDec % 1000) / 100;
 101   1          
 102   1          T = 10 * temp[0] + temp[1] + 0.1 * temp[2] + 0.01 * temp[3];
 103   1          
 104   1          if(T == 85.) return 0.;
 105   1          if(temp_now==0)
 106   1          {
 107   2                      temp_now = T;
 108   2              }
 109   1          if((T-temp_now > 0. ? T-temp_now : temp_now-T ) < 1.)  
 110   1              {
 111   2                      LED[0] = Number[temp[0]];
 112   2                      LED[1] = Number[temp[1]] + LED_DOT;
 113   2                      LED[2] = Number[temp[2]];
 114   2                      LED[3] = Number[temp[3]];       
 115   2              temp_now = T;
 116   2              }
C51 COMPILER V9.54   DS18B20                                                               07/03/2023 13:24:40 PAGE 3   

 117   1          return temp_now;
 118   1      }


MODULE INFORMATION:   STATIC OVERLAYABLE
   CODE SIZE        =    641    ----
   CONSTANT SIZE    =   ----    ----
   XDATA SIZE       =   ----       8
   PDATA SIZE       =   ----    ----
   DATA SIZE        =   ----    ----
   IDATA SIZE       =   ----    ----
   BIT SIZE         =   ----    ----
END OF MODULE INFORMATION.


C51 COMPILATION COMPLETE.  0 WARNING(S),  0 ERROR(S)
