C51 COMPILER V9.54   HD7279A                                                               07/03/2023 13:24:40 PAGE 1   


C51 COMPILER V9.54, COMPILATION OF MODULE HD7279A
OBJECT MODULE PLACED IN .\Objects\hd7279a.obj
COMPILER INVOKED BY: E:\ele\keil\C51\BIN\C51.EXE hd7279a.c LARGE OPTIMIZE(8,SPEED) BROWSE DEBUG OBJECTEXTEND PRINT(.\Lis
                    -tings\hd7279a.lst) OBJECT(.\Objects\hd7279a.obj)

line level    source

   1          // hd7279
   2          // https://max.book118.com/html/2019/0811/5011102311002113.shtm
   3          #include <hd7279a.h>
   4          #include <common.h>
   5          #include <util.h>
   6          
   7          unsigned char LED[8] = {0xa9,0xf1,0x01,0x00,0x44,0x00,0x00,0x00};
   8          
   9          
  10          
  11          void init_hd7279(void)
  12          {
  13   1              sendByte_hd(HD7279_RESET);
  14   1      }
  15          
  16          // tc89c52 to hd7279a
  17          void sendByte_hd(unsigned char byte)
  18          {
  19   1          unsigned char i;
  20   1          
  21   1          CS = 0;   
  22   1          for(i = 0; i < 8; ++i)
  23   1          {
  24   2      
  25   2              DAT = byte & 0x80;
  26   2              byte = byte << 1; 
  27   2              
  28   2              CLK = 1;
  29   2              short_delay();
  30   2              CLK = 0;
  31   2          }
  32   1      }
  33          
  34          // hd7279a to tc89c52
  35          unsigned char receiveByte_hd(void)
  36          {
  37   1              unsigned char i;
  38   1          unsigned char byte;
  39   1      
  40   1          sendByte_hd(HD7279_READKEY);
  41   1          
  42   1              DAT = 1;
  43   1              short_delay();
  44   1              for(i=0;i<8;++i){       
  45   2              CLK = 1;
  46   2              
  47   2                      byte = byte << 1;
  48   2                      if(DAT) byte = byte|0x01;
  49   2                          
  50   2              short_delay();
  51   2                      CLK = 0;
  52   2              }
  53   1              DAT = 0;
  54   1              return(byte);
C51 COMPILER V9.54   HD7279A                                                               07/03/2023 13:24:40 PAGE 2   

  55   1      }
  56          
  57          void show(void)
  58          {
  59   1          unsigned char i;
  60   1          for(i=0;i<8;++i)
  61   1          {
  62   2              sendByte_hd(LEDZERO + i);
  63   2              sendByte_hd(LED[i]);
  64   2          }
  65   1      }


MODULE INFORMATION:   STATIC OVERLAYABLE
   CODE SIZE        =    153    ----
   CONSTANT SIZE    =   ----    ----
   XDATA SIZE       =      8       5
   PDATA SIZE       =   ----    ----
   DATA SIZE        =   ----    ----
   IDATA SIZE       =   ----    ----
   BIT SIZE         =   ----    ----
END OF MODULE INFORMATION.


C51 COMPILATION COMPLETE.  0 WARNING(S),  0 ERROR(S)
